Buckingham --> 3 records deleted
Yarraville --> 1 records deleted
Parkville --> 2 records deleted
Glenroy --> 5 records deleted
Ascot --> 5 records deleted
Buckingham --> NOTFOUND
Buckingham --> NOTFOUND
Buckingham --> NOTFOUND
Grand Land --> NOTFOUND
Kensington Gardens --> 1 records deleted
Carlton --> 3 records deleted
Cedar --> NOTFOUND
Dream-Land --> NOTFOUND
Melbourne Airport --> 1 records deleted
Red Hill --> 8 records deleted
Hope & Dream --> NOTFOUND
Greenlands --> 3 records deleted
South Windsor --> 1 records deleted
East Melbourne --> 1 records deleted
XX + YY = ZZ --> NOTFOUND
Melbourne --> 1 records deleted
Mount Richmond --> 1 records deleted
Buckingham --> NOTFOUND
Richmond --> 6 records deleted
Back Creek --> 6 records deleted
