Springfield --> 3 records deleted
Richmond --> 6 records deleted
Windsor --> 4 records deleted
Little Back Creek --> 1 records deleted
Carlton River --> 1 records deleted
Docklands --> 1 records deleted
Melbourne --> 1 records deleted
Kingswood --> 4 records deleted
Richmond --> NOTFOUND
Williamstown --> 3 records deleted
Mount Richmond --> 1 records deleted
Greenlands --> 3 records deleted
South Windsor --> 1 records deleted
Back Creek --> 6 records deleted
West Melbourne --> 1 records deleted
Carlton North --> 1 records deleted
Red Hills --> 1 records deleted
Greenlands --> NOTFOUND
Glenroy --> 5 records deleted
Parkville --> 2 records deleted
Richmond Lowlands --> 1 records deleted
Glenroy --> NOTFOUND
Buckingham --> 3 records deleted
Richmond Hill --> 2 records deleted
Windsor --> NOTFOUND
Yarraville --> 1 records deleted
Ascot --> 5 records deleted
Williamstown --> NOTFOUND
Far Far Away --> NOTFOUND
Richmond --> NOTFOUND
Richmond Plains --> 1 records deleted
Windsor --> NOTFOUND
Spotswood --> 1 records deleted
Carlton --> 3 records deleted
Kensington Grove --> 1 records deleted
Glenroy --> NOTFOUND
Williamstown North --> 1 records deleted
Kensington Gardens --> 1 records deleted
Richmond Hill --> NOTFOUND
Greenlands --> NOTFOUND
Springfield Lakes --> 1 records deleted
Kingswood --> NOTFOUND
Seddon --> 2 records deleted
Kingswood --> NOTFOUND
Parkville --> NOTFOUND
Seddon --> NOTFOUND
Melbourne Airport --> 1 records deleted
Windsor --> NOTFOUND
Carlton --> NOTFOUND
Official Name Suburb --> NOTFOUND
Windsor Gardens --> 1 records deleted
Glenroy --> NOTFOUND
West Richmond --> 1 records deleted
Richmond Vale --> 1 records deleted
East Melbourne --> 1 records deleted
Kensington --> 5 records deleted
Cedar Creek --> 4 records deleted
Williamstown --> NOTFOUND
Ascot Vale --> 1 records deleted
Kingswood --> NOTFOUND
Springfield Central --> 1 records deleted
Glenroy --> NOTFOUND
Red Hill --> 8 records deleted
Kensington Park --> 1 records deleted
North Melbourne --> 1 records deleted
Kensington --> NOTFOUND
South Melbourne --> 1 records deleted
Ascot Park --> 1 records deleted
Carlton --> NOTFOUND
Kensington --> NOTFOUND
Kensington --> NOTFOUND
North Richmond --> 1 records deleted
Red Hill South --> 1 records deleted
Kensington --> NOTFOUND
Port Melbourne --> 1 records deleted
Windsor Downs --> 1 records deleted
No More Land --> NOTFOUND
Empty Land --> NOTFOUND
